\BOOKMARK [1][-]{section.1}{Problema 1}{}% 1
\BOOKMARK [2][-]{subsection.1.1}{El Problema}{section.1}% 2
\BOOKMARK [3][-]{subsubsection.1.1.1}{Descripcion}{subsection.1.1}% 3
\BOOKMARK [3][-]{subsubsection.1.1.2}{Ejemplos}{subsection.1.1}% 4
\BOOKMARK [2][-]{subsection.1.2}{El Algoritmo}{section.1}% 5
\BOOKMARK [3][-]{subsubsection.1.2.1}{La funci\363n de din\341mica}{subsection.1.2}% 6
\BOOKMARK [3][-]{subsubsection.1.2.2}{El Pseudoc\363digo}{subsection.1.2}% 7
\BOOKMARK [2][-]{subsection.1.3}{Complejidad}{section.1}% 8
\BOOKMARK [2][-]{subsection.1.4}{Experimentaci\363n}{section.1}% 9
\BOOKMARK [3][-]{subsubsection.1.4.1}{Contexto}{subsection.1.4}% 10
\BOOKMARK [3][-]{subsubsection.1.4.2}{Experimentos}{subsection.1.4}% 11
\BOOKMARK [2][-]{subsection.1.5}{Conclusiones}{section.1}% 12
\BOOKMARK [1][-]{section.2}{Problema 2}{}% 13
\BOOKMARK [2][-]{subsection.2.1}{El Problema}{section.2}% 14
\BOOKMARK [3][-]{subsubsection.2.1.1}{Descripcion}{subsection.2.1}% 15
\BOOKMARK [3][-]{subsubsection.2.1.2}{Ejemplos}{subsection.2.1}% 16
\BOOKMARK [2][-]{subsection.2.2}{Consultora 1}{section.2}% 17
\BOOKMARK [3][-]{subsubsection.2.2.1}{El algoritmo}{subsection.2.2}% 18
\BOOKMARK [3][-]{subsubsection.2.2.2}{Complejidad}{subsection.2.2}% 19
\BOOKMARK [2][-]{subsection.2.3}{Consultora 2}{section.2}% 20
\BOOKMARK [3][-]{subsubsection.2.3.1}{El algoritmo}{subsection.2.3}% 21
\BOOKMARK [3][-]{subsubsection.2.3.2}{Complejidad}{subsection.2.3}% 22
\BOOKMARK [2][-]{subsection.2.4}{Experimentaci\363n}{section.2}% 23
\BOOKMARK [3][-]{subsubsection.2.4.1}{Generaci\363n de instancias}{subsection.2.4}% 24
\BOOKMARK [3][-]{subsubsection.2.4.2}{Consultora 1}{subsection.2.4}% 25
\BOOKMARK [3][-]{subsubsection.2.4.3}{Consultora 2}{subsection.2.4}% 26
\BOOKMARK [2][-]{subsection.2.5}{Conclusiones}{section.2}% 27
\BOOKMARK [1][-]{section.3}{Problema 3}{}% 28
\BOOKMARK [2][-]{subsection.3.1}{El Problema}{section.3}% 29
\BOOKMARK [3][-]{subsubsection.3.1.1}{Descripcion}{subsection.3.1}% 30
\BOOKMARK [3][-]{subsubsection.3.1.2}{Ejemplos}{subsection.3.1}% 31
\BOOKMARK [2][-]{subsection.3.2}{El Algoritmo}{section.3}% 32
\BOOKMARK [3][-]{subsubsection.3.2.1}{Resumen}{subsection.3.2}% 33
\BOOKMARK [3][-]{subsubsection.3.2.2}{El Pseudoc\363digo}{subsection.3.2}% 34
\BOOKMARK [2][-]{subsection.3.3}{Complejidad}{section.3}% 35
\BOOKMARK [2][-]{subsection.3.4}{Experimentaci\363n}{section.3}% 36
\BOOKMARK [3][-]{subsubsection.3.4.1}{Contexto}{subsection.3.4}% 37
\BOOKMARK [3][-]{subsubsection.3.4.2}{Experimentos}{subsection.3.4}% 38
\BOOKMARK [2][-]{subsection.3.5}{Conclusiones}{section.3}% 39
